0 info it worked if it ends with ok
1 verbose cli [ 'node', '/usr/bin/npm', 'run', 'dev' ]
2 info using npm@6.4.1
3 info using node@v8.16.0
4 verbose node symlink /usr/bin/node
5 verbose run-script [ 'predev', 'dev', 'postdev' ]
6 info lifecycle adminator@1.0.0~predev: adminator@1.0.0
7 info lifecycle adminator@1.0.0~dev: adminator@1.0.0
8 verbose lifecycle adminator@1.0.0~dev: unsafe-perm in lifecycle true
9 verbose lifecycle adminator@1.0.0~dev: PATH: /usr/lib/node_modules/npm/node_modules/npm-lifecycle/node-gyp-bin:/sistemas/rafaelp-0002/adminator/node_modules/.bin:/usr/local/bin:/usr/bin:/bin:/usr/local/games:/usr/games
10 verbose lifecycle adminator@1.0.0~dev: CWD: /sistemas/rafaelp-0002/adminator
11 silly lifecycle adminator@1.0.0~dev: Args: [ '-c',
11 silly lifecycle   'webpack-dashboard -t \'Project\' -- webpack-dev-server' ]
12 silly lifecycle adminator@1.0.0~dev: Returned: code: 1  signal: null
13 info lifecycle adminator@1.0.0~dev: Failed to exec dev script
14 verbose stack Error: adminator@1.0.0 dev: `webpack-dashboard -t 'Project' -- webpack-dev-server`
14 verbose stack Exit status 1
14 verbose stack     at EventEmitter.<anonymous> (/usr/lib/node_modules/npm/node_modules/npm-lifecycle/index.js:301:16)
14 verbose stack     at emitTwo (events.js:126:13)
14 verbose stack     at EventEmitter.emit (events.js:214:7)
14 verbose stack     at ChildProcess.<anonymous> (/usr/lib/node_modules/npm/node_modules/npm-lifecycle/lib/spawn.js:55:14)
14 verbose stack     at emitTwo (events.js:126:13)
14 verbose stack     at ChildProcess.emit (events.js:214:7)
14 verbose stack     at maybeClose (internal/child_process.js:915:16)
14 verbose stack     at Process.ChildProcess._handle.onexit (internal/child_process.js:209:5)
15 verbose pkgid adminator@1.0.0
16 verbose cwd /sistemas/rafaelp-0002/adminator
17 verbose Linux 4.9.0-11-amd64
18 verbose argv "node" "/usr/bin/npm" "run" "dev"
19 verbose node v8.16.0
20 verbose npm  v6.4.1
21 error code ELIFECYCLE
22 error errno 1
23 error adminator@1.0.0 dev: `webpack-dashboard -t 'Project' -- webpack-dev-server`
23 error Exit status 1
24 error Failed at the adminator@1.0.0 dev script.
24 error This is probably not a problem with npm. There is likely additional logging output above.
25 verbose exit [ 1, true ]
