0 info it worked if it ends with ok
1 verbose cli [ 'node', '/usr/bin/npm', 'run', 'preview' ]
2 info using npm@6.4.1
3 info using node@v8.16.0
4 verbose node symlink /usr/bin/node
5 verbose run-script [ 'preview' ]
6 info lifecycle adminator@1.0.0~preview: adminator@1.0.0
7 verbose lifecycle adminator@1.0.0~preview: unsafe-perm in lifecycle true
8 verbose lifecycle adminator@1.0.0~preview: PATH: /usr/lib/node_modules/npm/node_modules/npm-lifecycle/node-gyp-bin:/sistemas/rafaelp-0002/adminator/node_modules/.bin:/usr/local/bin:/usr/bin:/bin:/usr/local/games:/usr/games
9 verbose lifecycle adminator@1.0.0~preview: CWD: /sistemas/rafaelp-0002/adminator
10 silly lifecycle adminator@1.0.0~preview: Args: [ '-c', 'cross-env NODE_ENV="production" webpack-dev-server' ]
11 silly lifecycle adminator@1.0.0~preview: Returned: code: 1  signal: null
12 info lifecycle adminator@1.0.0~preview: Failed to exec preview script
13 verbose stack Error: adminator@1.0.0 preview: `cross-env NODE_ENV="production" webpack-dev-server`
13 verbose stack Exit status 1
13 verbose stack     at EventEmitter.<anonymous> (/usr/lib/node_modules/npm/node_modules/npm-lifecycle/index.js:301:16)
13 verbose stack     at emitTwo (events.js:126:13)
13 verbose stack     at EventEmitter.emit (events.js:214:7)
13 verbose stack     at ChildProcess.<anonymous> (/usr/lib/node_modules/npm/node_modules/npm-lifecycle/lib/spawn.js:55:14)
13 verbose stack     at emitTwo (events.js:126:13)
13 verbose stack     at ChildProcess.emit (events.js:214:7)
13 verbose stack     at maybeClose (internal/child_process.js:915:16)
13 verbose stack     at Process.ChildProcess._handle.onexit (internal/child_process.js:209:5)
14 verbose pkgid adminator@1.0.0
15 verbose cwd /sistemas/rafaelp-0002/adminator
16 verbose Linux 4.9.0-11-amd64
17 verbose argv "node" "/usr/bin/npm" "run" "preview"
18 verbose node v8.16.0
19 verbose npm  v6.4.1
20 error code ELIFECYCLE
21 error errno 1
22 error adminator@1.0.0 preview: `cross-env NODE_ENV="production" webpack-dev-server`
22 error Exit status 1
23 error Failed at the adminator@1.0.0 preview script.
23 error This is probably not a problem with npm. There is likely additional logging output above.
24 verbose exit [ 1, true ]
