0 info it worked if it ends with ok
1 verbose cli [ 'node', '/usr/bin/npm', 'run', 'preview' ]
2 info using npm@6.4.1
3 info using node@v8.16.0
4 verbose node symlink /usr/bin/node
5 verbose config Skipping project config: /sistemas/rafaelp-0002/.npmrc. (matches userconfig)
6 verbose stack Error: missing script: preview
6 verbose stack     at run (/usr/lib/node_modules/npm/lib/run-script.js:155:19)
6 verbose stack     at /usr/lib/node_modules/npm/lib/run-script.js:63:5
6 verbose stack     at /usr/lib/node_modules/npm/node_modules/read-package-json/read-json.js:115:5
6 verbose stack     at /usr/lib/node_modules/npm/node_modules/read-package-json/read-json.js:418:5
6 verbose stack     at checkBinReferences_ (/usr/lib/node_modules/npm/node_modules/read-package-json/read-json.js:373:45)
6 verbose stack     at final (/usr/lib/node_modules/npm/node_modules/read-package-json/read-json.js:416:3)
6 verbose stack     at then (/usr/lib/node_modules/npm/node_modules/read-package-json/read-json.js:160:5)
6 verbose stack     at /usr/lib/node_modules/npm/node_modules/read-package-json/read-json.js:364:12
6 verbose stack     at /usr/lib/node_modules/npm/node_modules/graceful-fs/graceful-fs.js:78:16
6 verbose stack     at FSReqWrap.readFileAfterClose [as oncomplete] (fs.js:511:3)
7 verbose cwd /sistemas/rafaelp-0002
8 verbose Linux 4.9.0-11-amd64
9 verbose argv "node" "/usr/bin/npm" "run" "preview"
10 verbose node v8.16.0
11 verbose npm  v6.4.1
12 error missing script: preview
13 verbose exit [ 1, true ]
